  MinHeap.cpp
C:\Users\Samer\Documents\Coding Projects\School\COP3530\VaccinApp\project_3\MinHeap.cpp(18,48): warning C4267: 'return': conversion from 'size_t' to 'const int', possible loss of data
C:\Users\Samer\Documents\Coding Projects\School\COP3530\VaccinApp\project_3\MinHeap.cpp(64,27): warning C4267: 'initializing': conversion from 'size_t' to 'int', possible loss of data
  OrderedMap.cpp
C:\Users\Samer\Documents\Coding Projects\School\COP3530\VaccinApp\project_3\Node.h(53,9): warning C4553: '==': result of expression not used; did you intend '='?
C:\Users\Samer\Documents\Coding Projects\School\COP3530\VaccinApp\project_3\Node.h(55,10): warning C4553: '==': result of expression not used; did you intend '='?
C:\Users\Samer\Documents\Coding Projects\School\COP3530\VaccinApp\project_3\Node.h(57,11): warning C4553: '==': result of expression not used; did you intend '='?
C:\Users\Samer\Documents\Coding Projects\School\COP3530\VaccinApp\project_3\Node.h(71,21): warning C4267: 'return': conversion from 'size_t' to 'const int', possible loss of data
  project_3.cpp
C:\Users\Samer\Documents\Coding Projects\School\COP3530\VaccinApp\project_3\Node.h(53,9): warning C4553: '==': result of expression not used; did you intend '='?
C:\Users\Samer\Documents\Coding Projects\School\COP3530\VaccinApp\project_3\Node.h(55,10): warning C4553: '==': result of expression not used; did you intend '='?
C:\Users\Samer\Documents\Coding Projects\School\COP3530\VaccinApp\project_3\Node.h(57,11): warning C4553: '==': result of expression not used; did you intend '='?
C:\Users\Samer\Documents\Coding Projects\School\COP3530\VaccinApp\project_3\Node.h(71,21): warning C4267: 'return': conversion from 'size_t' to 'const int', possible loss of data
C:\Users\Samer\Documents\Coding Projects\School\COP3530\VaccinApp\project_3\project_3.cpp(30,25): warning C4244: 'initializing': conversion from 'double' to 'float', possible loss of data
C:\Users\Samer\Documents\Coding Projects\School\COP3530\VaccinApp\project_3\project_3.cpp(31,26): warning C4244: 'initializing': conversion from 'double' to 'float', possible loss of data
C:\Users\Samer\Documents\Coding Projects\School\COP3530\VaccinApp\project_3\project_3.cpp(33,16): warning C4244: 'initializing': conversion from 'double' to 'float', possible loss of data
C:\Users\Samer\Documents\Coding Projects\School\COP3530\VaccinApp\project_3\project_3.cpp(42,29): warning C4305: 'initializing': truncation from 'double' to 'float'
C:\Users\Samer\Documents\Coding Projects\School\COP3530\VaccinApp\project_3\project_3.cpp(43,38): warning C4305: 'initializing': truncation from 'double' to 'float'
C:\Users\Samer\Documents\Coding Projects\School\COP3530\VaccinApp\project_3\project_3.cpp(105,22): warning C4101: 'e': unreferenced local variable
C:\Users\Samer\Documents\Coding Projects\School\COP3530\VaccinApp\project_3\project_3.cpp(117,22): warning C4101: 'e': unreferenced local variable
C:\Users\Samer\Documents\Coding Projects\School\COP3530\VaccinApp\project_3\project_3.cpp(214,22): warning C4101: 'e': unreferenced local variable
C:\Users\Samer\Documents\Coding Projects\School\COP3530\VaccinApp\project_3\project_3.cpp(226,22): warning C4101: 'e': unreferenced local variable
C:\Users\Samer\Documents\Coding Projects\School\COP3530\VaccinApp\project_3\project_3.cpp(336,22): warning C4101: 'e': unreferenced local variable
C:\Users\Samer\Documents\Coding Projects\School\COP3530\VaccinApp\project_3\project_3.cpp(348,22): warning C4101: 'e': unreferenced local variable
C:\Users\Samer\Documents\Coding Projects\School\COP3530\VaccinApp\project_3\project_3.cpp(407,22): warning C4101: 'e': unreferenced local variable
C:\Users\Samer\Documents\Coding Projects\School\COP3530\VaccinApp\project_3\project_3.cpp(419,22): warning C4101: 'e': unreferenced local variable
  Generating Code...
C:\Users\Samer\Documents\Coding Projects\School\COP3530\VaccinApp\project_3\Node.h(71): warning C4172: returning address of local variable or temporary
C:\Users\Samer\Documents\Coding Projects\School\COP3530\VaccinApp\project_3\MinHeap.cpp(18): warning C4172: returning address of local variable or temporary
  project_3.vcxproj -> C:\Users\Samer\Documents\Coding Projects\School\COP3530\VaccinApp\x64\Debug\project_3.exe
